C51 COMPILER V9.51   UART                                                                  05/22/2016 16:29:22 PAGE 1   


C51 COMPILER V9.51, COMPILATION OF MODULE UART
OBJECT MODULE PLACED IN UART.obj
COMPILER INVOKED BY: E:\suqian software\UV4\C51\BIN\C51.EXE UART\UART.c BROWSE INCDIR(.\delay;.\UART) DEBUG OBJECTEXTEND
                    - PRINT(.\UART.lst) TABS(2) OBJECT(UART.obj)

line level    source

   1          #include <reg52.h>
   2          #include "UART.h"
   3          
   4          unsigned char ch;
   5          
   6          void uart_init()
   7          {
   8   1          SCON = 0x50; //设置串口工作方式
   9   1          TMOD |= 0x20;//设置定时器工作方式
  10   1          TH1 = 0xFD;//设置波特率为9600
  11   1          TR1 = 1;//打开定时器1
  12   1          //中断服务法
  13   1          ES = 1;//打开串口服务中断
  14   1          EA = 1;
  15   1      }
  16          
  17          void uart_send_char(unsigned char ch)
  18          {
  19   1          SBUF = ch;
  20   1          while(!TI);//等待TI为1
  21   1          TI = 0;//TI清零
  22   1      }
  23          
  24          void uart_send_str(unsigned char *str)
  25          {
  26   1          while(*str != '\0')
  27   1          {
  28   2              uart_send_char(*str++);
  29   2          }
  30   1      }
  31          
  32          void uart_isr() interrupt 4
  33          {
  34   1          ES = 0;
  35   1          
  36   1          if(RI)
  37   1          {
  38   2              RI = 0;
  39   2          }
  40   1          
  41   1          ES = 1;
  42   1      }


MODULE INFORMATION:   STATIC OVERLAYABLE
   CODE SIZE        =     71    ----
   CONSTANT SIZE    =   ----    ----
   XDATA SIZE       =   ----    ----
   PDATA SIZE       =   ----    ----
   DATA SIZE        =      1       3
   IDATA SIZE       =   ----    ----
   BIT SIZE         =   ----    ----
END OF MODULE INFORMATION.


C51 COMPILATION COMPLETE.  0 WARNING(S),  0 ERROR(S)
