C51 COMPILER V9.51   DELAY                                                                 05/22/2016 16:31:07 PAGE 1   


C51 COMPILER V9.51, COMPILATION OF MODULE DELAY
OBJECT MODULE PLACED IN delay.obj
COMPILER INVOKED BY: E:\suqian software\UV4\C51\BIN\C51.EXE delay\delay.c BROWSE INCDIR(.\delay;.\UART) DEBUG OBJECTEXTE
                    -ND PRINT(.\delay.lst) TABS(2) OBJECT(delay.obj)

line level    source

   1          
   2          void delay_us(unsigned char t)
   3          {
   4   1          while(--t);
   5   1      }
   6          
   7          void delay_ms(unsigned char t)
   8          {
   9   1          while(t--)
  10   1          {
  11   2              delay_us(245);
  12   2              delay_us(245);
  13   2          }
  14   1      }
  15          
  16          void delay_s(unsigned char t)
  17          {
  18   1          unsigned char i;
  19   1          
  20   1          for(i = 0; i < t; i++)
  21   1          {
  22   2              delay_ms(200);
  23   2              delay_ms(200);
  24   2              delay_ms(200);
  25   2              delay_ms(200);
  26   2              delay_ms(200);
  27   2          }
  28   1      }


MODULE INFORMATION:   STATIC OVERLAYABLE
   CODE SIZE        =     55    ----
   CONSTANT SIZE    =   ----    ----
   XDATA SIZE       =   ----    ----
   PDATA SIZE       =   ----    ----
   DATA SIZE        =   ----    ----
   IDATA SIZE       =   ----    ----
   BIT SIZE         =   ----    ----
END OF MODULE INFORMATION.


C51 COMPILATION COMPLETE.  0 WARNING(S),  0 ERROR(S)
