C51 COMPILER V9.51   UART                                                                  05/22/2016 16:31:07 PAGE 1   


C51 COMPILER V9.51, COMPILATION OF MODULE UART
OBJECT MODULE PLACED IN UART.obj
COMPILER INVOKED BY: E:\suqian software\UV4\C51\BIN\C51.EXE UART\UART.c BROWSE INCDIR(.\delay;.\UART) DEBUG OBJECTEXTEND
                    - PRINT(.\UART.lst) TABS(2) OBJECT(UART.obj)

line level    source

   1          #include <reg52.h>
   2          
   3          unsigned char ch;
   4          
   5          void uart_init()
   6          {
   7   1          SCON = 0x50; //设置串口工作方式
   8   1          TMOD |= 0x20;//设置定时器工作方式
   9   1          TH1 = 0xF3;//设置波特率为4800
  10   1          TR1 = 1;//打开定时器1
  11   1          //中断服务法
  12   1          ES = 1;//打开串口服务中断
  13   1          EA = 1;
  14   1      }
  15          
  16          void uart_send_char(unsigned char ch)
  17          {
  18   1          SBUF = ch;
  19   1          while(!TI);//等待TI为1
  20   1          TI = 0;//TI清零
  21   1      }
  22          
  23          void uart_send_str(unsigned char *str)
  24          {
  25   1          while(*str != '\0')
  26   1          {
  27   2              uart_send_char(*str++);
  28   2          }
  29   1      }
  30          
  31          void uart_isr() interrupt 4
  32          {
  33   1          ES = 0;
  34   1          
  35   1          if(RI)
  36   1          {
  37   2              RI = 0; 
  38   2              uart_send_char(SBUF);           
  39   2          }
  40   1          
  41   1          ES = 1;
  42   1      }


MODULE INFORMATION:   STATIC OVERLAYABLE
   CODE SIZE        =     87    ----
   CONSTANT SIZE    =   ----    ----
   XDATA SIZE       =   ----    ----
   PDATA SIZE       =   ----    ----
   DATA SIZE        =      1       3
   IDATA SIZE       =   ----    ----
   BIT SIZE         =   ----    ----
END OF MODULE INFORMATION.


C51 COMPILATION COMPLETE.  0 WARNING(S),  0 ERROR(S)
