C51 COMPILER V9.51   ZM5168_ROU                                                            05/22/2016 16:31:06 PAGE 1   


C51 COMPILER V9.51, COMPILATION OF MODULE ZM5168_ROU
OBJECT MODULE PLACED IN zm5168_rou.OBJ
COMPILER INVOKED BY: E:\suqian software\UV4\C51\BIN\C51.EXE zm5168_rou.c BROWSE INCDIR(.\delay;.\UART) DEBUG OBJECTEXTEN
                    -D TABS(2)

line level    source

   1          #include <reg52.h>
   2          
   3          #include "delay.h"
   4          #include "UART.h"
   5          
   6          sbit resetn = P0^0;
   7          
   8          void main()
   9          {
  10   1          resetn = 0;
  11   1          delay_ms(1);
  12   1          resetn = 1;  
  13   1        
  14   1          uart_init();
  15   1          
  16   1          while(1);
  17   1      }


MODULE INFORMATION:   STATIC OVERLAYABLE
   CODE SIZE        =     14    ----
   CONSTANT SIZE    =   ----    ----
   XDATA SIZE       =   ----    ----
   PDATA SIZE       =   ----    ----
   DATA SIZE        =   ----    ----
   IDATA SIZE       =   ----    ----
   BIT SIZE         =   ----    ----
END OF MODULE INFORMATION.


C51 COMPILATION COMPLETE.  0 WARNING(S),  0 ERROR(S)
